  [1m[36m (1.0ms)[0m  [1mCREATE TABLE "schema_migrations" ("version" varchar NOT NULL) [0m
  [1m[35m (0.1ms)[0m  select sqlite_version(*)
  [1m[36m (0.8ms)[0m  [1mCREATE UNIQUE INDEX "unique_schema_migrations" ON "schema_migrations" ("version")[0m
  [1m[35mActiveRecord::SchemaMigration Load (0.1ms)[0m  SELECT "schema_migrations".* FROM "schema_migrations"
Migrating to DeviseCreateUsers (20160207204212)
  [1m[36m (0.1ms)[0m  [1mbegin transaction[0m
  [1m[35m (0.4ms)[0m  CREATE TABLE "users" ("id" INTEGER PRIMARY KEY AUTOINCREMENT NOT NULL, "email" varchar DEFAULT '' NOT NULL, "encrypted_password" varchar DEFAULT '' NOT NULL, "reset_password_token" varchar, "reset_password_sent_at" datetime, "remember_created_at" datetime, "sign_in_count" integer DEFAULT 0 NOT NULL, "current_sign_in_at" datetime, "last_sign_in_at" datetime, "current_sign_in_ip" varchar, "last_sign_in_ip" varchar, "created_at" datetime NOT NULL, "updated_at" datetime NOT NULL) 
  [1m[36m (0.3ms)[0m  [1mCREATE UNIQUE INDEX "index_users_on_email" ON "users" ("email")[0m
  [1m[35m (0.1ms)[0m              SELECT sql
            FROM sqlite_master
            WHERE name='index_users_on_email' AND type='index'
            UNION ALL
            SELECT sql
            FROM sqlite_temp_master
            WHERE name='index_users_on_email' AND type='index'

  [1m[36m (0.1ms)[0m  [1mCREATE UNIQUE INDEX "index_users_on_reset_password_token" ON "users" ("reset_password_token")[0m
  [1m[35mSQL (0.1ms)[0m  INSERT INTO "schema_migrations" ("version") VALUES (?)  [["version", "20160207204212"]]
  [1m[36m (1.0ms)[0m  [1mcommit transaction[0m
Migrating to CreateInstructors (20160209034422)
  [1m[35m (0.1ms)[0m  begin transaction
  [1m[36m (0.3ms)[0m  [1mCREATE TABLE "instructors" ("id" INTEGER PRIMARY KEY AUTOINCREMENT NOT NULL, "name" varchar, "email" varchar, "rateMyProfLink" varchar, "created_at" datetime NOT NULL, "updated_at" datetime NOT NULL) [0m
  [1m[35mSQL (0.1ms)[0m  INSERT INTO "schema_migrations" ("version") VALUES (?)  [["version", "20160209034422"]]
  [1m[36m (0.8ms)[0m  [1mcommit transaction[0m
Migrating to CreateDepartments (20160209034841)
  [1m[35m (0.0ms)[0m  begin transaction
  [1m[36m (0.3ms)[0m  [1mCREATE TABLE "departments" ("id" INTEGER PRIMARY KEY AUTOINCREMENT NOT NULL, "abbreviation" varchar, "name" varchar, "created_at" datetime NOT NULL, "updated_at" datetime NOT NULL) [0m
  [1m[35mSQL (0.1ms)[0m  INSERT INTO "schema_migrations" ("version") VALUES (?)  [["version", "20160209034841"]]
  [1m[36m (0.7ms)[0m  [1mcommit transaction[0m
Migrating to CreateCourses (20160210185523)
  [1m[35m (0.1ms)[0m  begin transaction
  [1m[36m (0.3ms)[0m  [1mCREATE TABLE "courses" ("id" INTEGER PRIMARY KEY AUTOINCREMENT NOT NULL, "courseNum" varchar, "name" varchar, "departmentID" integer, "department" varchar, "departmentFull" varchar, "description" text, "lastEdited" datetime, "average" integer, "gradeAverage" varchar, "numReviews" integer, "fullName" varchar, "created_at" datetime NOT NULL, "updated_at" datetime NOT NULL) [0m
  [1m[35mSQL (0.1ms)[0m  INSERT INTO "schema_migrations" ("version") VALUES (?)  [["version", "20160210185523"]]
  [1m[36m (0.7ms)[0m  [1mcommit transaction[0m
Migrating to CreateRatingCaches (20160211014752)
  [1m[35m (0.0ms)[0m  begin transaction
DEPRECATION WARNING: `#timestamps` was called without specifying an option for `null`. In Rails 5, this behavior will change to `null: false`. You should manually specify `null: true` to prevent the behavior of your existing migrations from changing. (called from block in up at /Users/danielcruz/Documents/CS408/CS408/db/migrate/20160211014752_create_rating_caches.rb:9)
  [1m[36m (0.3ms)[0m  [1mCREATE TABLE "rating_caches" ("id" INTEGER PRIMARY KEY AUTOINCREMENT NOT NULL, "cacheable_id" integer, "cacheable_type" varchar, "avg" float NOT NULL, "qty" integer NOT NULL, "dimension" varchar, "created_at" datetime, "updated_at" datetime) [0m
  [1m[35m (0.1ms)[0m  CREATE  INDEX "index_rating_caches_on_cacheable_id_and_cacheable_type" ON "rating_caches" ("cacheable_id", "cacheable_type")
  [1m[36mSQL (0.1ms)[0m  [1mINSERT INTO "schema_migrations" ("version") VALUES (?)[0m  [["version", "20160211014752"]]
  [1m[35m (0.7ms)[0m  commit transaction
Migrating to CreateRates (20160211014753)
  [1m[36m (0.1ms)[0m  [1mbegin transaction[0m
DEPRECATION WARNING: `#timestamps` was called without specifying an option for `null`. In Rails 5, this behavior will change to `null: false`. You should manually specify `null: true` to prevent the behavior of your existing migrations from changing. (called from block in up at /Users/danielcruz/Documents/CS408/CS408/db/migrate/20160211014753_create_rates.rb:9)
  [1m[35m (0.3ms)[0m  CREATE TABLE "rates" ("id" INTEGER PRIMARY KEY AUTOINCREMENT NOT NULL, "rater_id" integer, "rateable_id" integer, "rateable_type" varchar, "stars" float NOT NULL, "dimension" varchar, "created_at" datetime, "updated_at" datetime) 
  [1m[36m (0.1ms)[0m  [1mCREATE  INDEX "index_rates_on_rater_id" ON "rates" ("rater_id")[0m
  [1m[35m (0.1ms)[0m              SELECT sql
            FROM sqlite_master
            WHERE name='index_rates_on_rater_id' AND type='index'
            UNION ALL
            SELECT sql
            FROM sqlite_temp_master
            WHERE name='index_rates_on_rater_id' AND type='index'

  [1m[36m (0.1ms)[0m  [1mCREATE  INDEX "index_rates_on_rateable_id_and_rateable_type" ON "rates" ("rateable_id", "rateable_type")[0m
  [1m[35mSQL (0.1ms)[0m  INSERT INTO "schema_migrations" ("version") VALUES (?)  [["version", "20160211014753"]]
  [1m[36m (0.8ms)[0m  [1mcommit transaction[0m
Migrating to CreateAverageCaches (20160211014754)
  [1m[35m (0.0ms)[0m  begin transaction
DEPRECATION WARNING: `#timestamps` was called without specifying an option for `null`. In Rails 5, this behavior will change to `null: false`. You should manually specify `null: true` to prevent the behavior of your existing migrations from changing. (called from block in up at /Users/danielcruz/Documents/CS408/CS408/db/migrate/20160211014754_create_average_caches.rb:8)
  [1m[36m (0.3ms)[0m  [1mCREATE TABLE "average_caches" ("id" INTEGER PRIMARY KEY AUTOINCREMENT NOT NULL, "rater_id" integer, "rateable_id" integer, "rateable_type" varchar, "avg" float NOT NULL, "created_at" datetime, "updated_at" datetime) [0m
  [1m[35mSQL (0.1ms)[0m  INSERT INTO "schema_migrations" ("version") VALUES (?)  [["version", "20160211014754"]]
  [1m[36m (0.8ms)[0m  [1mcommit transaction[0m
Migrating to CreateOverallAverages (20160211014755)
  [1m[35m (0.1ms)[0m  begin transaction
DEPRECATION WARNING: `#timestamps` was called without specifying an option for `null`. In Rails 5, this behavior will change to `null: false`. You should manually specify `null: true` to prevent the behavior of your existing migrations from changing. (called from block in up at /Users/danielcruz/Documents/CS408/CS408/db/migrate/20160211014755_create_overall_averages.rb:7)
  [1m[36m (0.4ms)[0m  [1mCREATE TABLE "overall_averages" ("id" INTEGER PRIMARY KEY AUTOINCREMENT NOT NULL, "rateable_id" integer, "rateable_type" varchar, "overall_avg" float NOT NULL, "created_at" datetime, "updated_at" datetime) [0m
  [1m[35mSQL (0.1ms)[0m  INSERT INTO "schema_migrations" ("version") VALUES (?)  [["version", "20160211014755"]]
  [1m[36m (0.7ms)[0m  [1mcommit transaction[0m
Migrating to CreateReviews (20160211045909)
  [1m[35m (0.1ms)[0m  begin transaction
  [1m[36m (0.3ms)[0m  [1mCREATE TABLE "reviews" ("id" INTEGER PRIMARY KEY AUTOINCREMENT NOT NULL, "UserID" integer, "CourseID" integer, "Comment" text, "HelpfulCount" integer, "Unhelpful" integer, "FunnyCount" integer, "FlagCount" integer, "InstructorID" integer, "TAs" varchar, "GradeReceived" integer, "HoursAWeek" integer, "TextbookRequired" boolean, "AttendanceRequired" boolean, "Semester" varchar, "YearTaken" integer, "DepartmentID" integer, "created_at" datetime NOT NULL, "updated_at" datetime NOT NULL) [0m
  [1m[35mSQL (0.1ms)[0m  INSERT INTO "schema_migrations" ("version") VALUES (?)  [["version", "20160211045909"]]
  [1m[36m (0.8ms)[0m  [1mcommit transaction[0m
Migrating to DeleteAverage (20160212030440)
  [1m[35m (0.1ms)[0m  begin transaction
  [1m[36m (0.5ms)[0m  [1mCREATE TEMPORARY TABLE "acourses" ("id" INTEGER PRIMARY KEY AUTOINCREMENT NOT NULL, "courseNum" varchar, "name" varchar, "departmentID" integer, "department" varchar, "departmentFull" varchar, "description" text, "lastEdited" datetime, "overallAverage" integer, "gradeAverage" varchar, "numReviews" integer, "fullName" varchar, "created_at" datetime NOT NULL, "updated_at" datetime NOT NULL) [0m
  [1m[35m (0.5ms)[0m  SELECT * FROM "courses"
  [1m[36m (0.3ms)[0m  [1mDROP TABLE "courses"[0m
  [1m[35m (0.2ms)[0m  CREATE TABLE "courses" ("id" INTEGER PRIMARY KEY AUTOINCREMENT NOT NULL, "courseNum" varchar, "name" varchar, "departmentID" integer, "department" varchar, "departmentFull" varchar, "description" text, "lastEdited" datetime, "overallAverage" integer, "gradeAverage" varchar, "numReviews" integer, "fullName" varchar, "created_at" datetime NOT NULL, "updated_at" datetime NOT NULL) 
  [1m[36m (0.0ms)[0m  [1mSELECT * FROM "acourses"[0m
  [1m[35m (0.3ms)[0m  DROP TABLE "acourses"
  [1m[36mSQL (0.1ms)[0m  [1mINSERT INTO "schema_migrations" ("version") VALUES (?)[0m  [["version", "20160212030440"]]
  [1m[35m (0.9ms)[0m  commit transaction
Migrating to AddUserIdToReviews (20160212053237)
  [1m[36m (0.3ms)[0m  [1mbegin transaction[0m
  [1m[35m (0.4ms)[0m  ALTER TABLE "reviews" ADD "user_id" integer
  [1m[36mSQL (0.1ms)[0m  [1mINSERT INTO "schema_migrations" ("version") VALUES (?)[0m  [["version", "20160212053237"]]
  [1m[35m (0.9ms)[0m  commit transaction
Migrating to AddCourseIdToReviews (20160212072731)
  [1m[36m (0.0ms)[0m  [1mbegin transaction[0m
  [1m[35m (0.4ms)[0m  ALTER TABLE "reviews" ADD "course_id" integer
  [1m[36mSQL (0.1ms)[0m  [1mINSERT INTO "schema_migrations" ("version") VALUES (?)[0m  [["version", "20160212072731"]]
  [1m[35m (0.7ms)[0m  commit transaction
Migrating to Deletecolumns (20160212073015)
  [1m[36m (0.0ms)[0m  [1mbegin transaction[0m
  [1m[35m (0.2ms)[0m  CREATE TEMPORARY TABLE "areviews" ("id" INTEGER PRIMARY KEY AUTOINCREMENT NOT NULL, "UserID" integer, "CourseID" integer, "Comment" text, "HelpfulCount" integer, "Unhelpful" integer, "FunnyCount" integer, "FlagCount" integer, "InstructorID" integer, "TAs" varchar, "GradeReceived" integer, "HoursAWeek" integer, "TextbookRequired" boolean, "AttendanceRequired" boolean, "Semester" varchar, "YearTaken" integer, "DepartmentID" integer, "created_at" datetime NOT NULL, "updated_at" datetime NOT NULL, "user_id" integer, "course_id" integer) 
  [1m[36m (0.1ms)[0m  [1mSELECT * FROM "reviews"[0m
  [1m[35m (0.2ms)[0m  DROP TABLE "reviews"
  [1m[36m (0.1ms)[0m  [1mCREATE TABLE "reviews" ("id" INTEGER PRIMARY KEY AUTOINCREMENT NOT NULL, "CourseID" integer, "Comment" text, "HelpfulCount" integer, "Unhelpful" integer, "FunnyCount" integer, "FlagCount" integer, "InstructorID" integer, "TAs" varchar, "GradeReceived" integer, "HoursAWeek" integer, "TextbookRequired" boolean, "AttendanceRequired" boolean, "Semester" varchar, "YearTaken" integer, "DepartmentID" integer, "created_at" datetime NOT NULL, "updated_at" datetime NOT NULL, "user_id" integer, "course_id" integer) [0m
  [1m[35m (0.1ms)[0m  SELECT * FROM "areviews"
  [1m[36m (0.1ms)[0m  [1mDROP TABLE "areviews"[0m
  [1m[35m (0.1ms)[0m  CREATE TEMPORARY TABLE "areviews" ("id" INTEGER PRIMARY KEY AUTOINCREMENT NOT NULL, "CourseID" integer, "Comment" text, "HelpfulCount" integer, "Unhelpful" integer, "FunnyCount" integer, "FlagCount" integer, "InstructorID" integer, "TAs" varchar, "GradeReceived" integer, "HoursAWeek" integer, "TextbookRequired" boolean, "AttendanceRequired" boolean, "Semester" varchar, "YearTaken" integer, "DepartmentID" integer, "created_at" datetime NOT NULL, "updated_at" datetime NOT NULL, "user_id" integer, "course_id" integer) 
  [1m[36m (0.1ms)[0m  [1mSELECT * FROM "reviews"[0m
  [1m[35m (0.3ms)[0m  DROP TABLE "reviews"
  [1m[36m (0.1ms)[0m  [1mCREATE TABLE "reviews" ("id" INTEGER PRIMARY KEY AUTOINCREMENT NOT NULL, "Comment" text, "HelpfulCount" integer, "Unhelpful" integer, "FunnyCount" integer, "FlagCount" integer, "InstructorID" integer, "TAs" varchar, "GradeReceived" integer, "HoursAWeek" integer, "TextbookRequired" boolean, "AttendanceRequired" boolean, "Semester" varchar, "YearTaken" integer, "DepartmentID" integer, "created_at" datetime NOT NULL, "updated_at" datetime NOT NULL, "user_id" integer, "course_id" integer) [0m
  [1m[35m (0.6ms)[0m  SELECT * FROM "areviews"
  [1m[36m (0.2ms)[0m  [1mDROP TABLE "areviews"[0m
  [1m[35mSQL (0.2ms)[0m  INSERT INTO "schema_migrations" ("version") VALUES (?)  [["version", "20160212073015"]]
  [1m[36m (2.6ms)[0m  [1mcommit transaction[0m
  [1m[35mActiveRecord::SchemaMigration Load (0.1ms)[0m  SELECT "schema_migrations".* FROM "schema_migrations"
  [1m[36m (0.1ms)[0m  [1m            SELECT sql
            FROM sqlite_master
            WHERE name='index_rates_on_rateable_id_and_rateable_type' AND type='index'
            UNION ALL
            SELECT sql
            FROM sqlite_temp_master
            WHERE name='index_rates_on_rateable_id_and_rateable_type' AND type='index'
[0m
  [1m[35m (0.1ms)[0m              SELECT sql
            FROM sqlite_master
            WHERE name='index_rates_on_rater_id' AND type='index'
            UNION ALL
            SELECT sql
            FROM sqlite_temp_master
            WHERE name='index_rates_on_rater_id' AND type='index'

  [1m[36m (0.1ms)[0m  [1m            SELECT sql
            FROM sqlite_master
            WHERE name='index_rating_caches_on_cacheable_id_and_cacheable_type' AND type='index'
            UNION ALL
            SELECT sql
            FROM sqlite_temp_master
            WHERE name='index_rating_caches_on_cacheable_id_and_cacheable_type' AND type='index'
[0m
  [1m[35m (0.1ms)[0m              SELECT sql
            FROM sqlite_master
            WHERE name='index_users_on_reset_password_token' AND type='index'
            UNION ALL
            SELECT sql
            FROM sqlite_temp_master
            WHERE name='index_users_on_reset_password_token' AND type='index'

  [1m[36m (0.1ms)[0m  [1m            SELECT sql
            FROM sqlite_master
            WHERE name='index_users_on_email' AND type='index'
            UNION ALL
            SELECT sql
            FROM sqlite_temp_master
            WHERE name='index_users_on_email' AND type='index'
[0m


Started GET "/" for ::1 at 2016-03-03 12:39:36 -0500
  [1m[36mActiveRecord::SchemaMigration Load (0.1ms)[0m  [1mSELECT "schema_migrations".* FROM "schema_migrations"[0m
Processing by PagesController#home as HTML
  Rendered pages/home.html.erb within layouts/application (2.5ms)
  Rendered layouts/_bootstrapstuff.html.erb (0.6ms)
  Rendered layouts/_header.html.erb (4.9ms)
  Rendered layouts/_footer.html.erb (0.3ms)
Completed 200 OK in 2121ms (Views: 2110.7ms | ActiveRecord: 0.0ms)


Started GET "/assets/footer_background.jpg" for ::1 at 2016-03-03 12:39:38 -0500

ActionController::RoutingError (No route matches [GET] "/assets/footer_background.jpg"):
  actionpack (4.2.4) lib/action_dispatch/middleware/debug_exceptions.rb:21:in `call'
  web-console (2.3.0) lib/web_console/middleware.rb:28:in `block in call'
  web-console (2.3.0) lib/web_console/middleware.rb:18:in `catch'
  web-console (2.3.0) lib/web_console/middleware.rb:18:in `call'
  actionpack (4.2.4) lib/action_dispatch/middleware/show_exceptions.rb:30:in `call'
  railties (4.2.4) lib/rails/rack/logger.rb:38:in `call_app'
  railties (4.2.4) lib/rails/rack/logger.rb:20:in `block in call'
  activesupport (4.2.4) lib/active_support/tagged_logging.rb:68:in `block in tagged'
  activesupport (4.2.4) lib/active_support/tagged_logging.rb:26:in `tagged'
  activesupport (4.2.4) lib/active_support/tagged_logging.rb:68:in `tagged'
  railties (4.2.4) lib/rails/rack/logger.rb:20:in `call'
  actionpack (4.2.4) lib/action_dispatch/middleware/request_id.rb:21:in `call'
  rack (1.6.4) lib/rack/methodoverride.rb:22:in `call'
  rack (1.6.4) lib/rack/runtime.rb:18:in `call'
  activesupport (4.2.4) lib/active_support/cache/strategy/local_cache_middleware.rb:28:in `call'
  rack (1.6.4) lib/rack/lock.rb:17:in `call'
  actionpack (4.2.4) lib/action_dispatch/middleware/static.rb:116:in `call'
  rack (1.6.4) lib/rack/sendfile.rb:113:in `call'
  railties (4.2.4) lib/rails/engine.rb:518:in `call'
  railties (4.2.4) lib/rails/application.rb:165:in `call'
  rack (1.6.4) lib/rack/lock.rb:17:in `call'
  rack (1.6.4) lib/rack/content_length.rb:15:in `call'
  rack (1.6.4) lib/rack/handler/webrick.rb:88:in `service'
  /Users/danielcruz/.rbenv/versions/2.2.2/lib/ruby/2.2.0/webrick/httpserver.rb:138:in `service'
  /Users/danielcruz/.rbenv/versions/2.2.2/lib/ruby/2.2.0/webrick/httpserver.rb:94:in `run'
  /Users/danielcruz/.rbenv/versions/2.2.2/lib/ruby/2.2.0/webrick/server.rb:294:in `block in start_thread'


  Rendered /Users/danielcruz/.rbenv/versions/2.2.2/lib/ruby/gems/2.2.0/gems/actionpack-4.2.4/lib/action_dispatch/middleware/templates/rescues/_trace.html.erb (4.2ms)
  Rendered /Users/danielcruz/.rbenv/versions/2.2.2/lib/ruby/gems/2.2.0/gems/actionpack-4.2.4/lib/action_dispatch/middleware/templates/routes/_route.html.erb (5.2ms)
  Rendered /Users/danielcruz/.rbenv/versions/2.2.2/lib/ruby/gems/2.2.0/gems/actionpack-4.2.4/lib/action_dispatch/middleware/templates/routes/_table.html.erb (10.2ms)
  Rendered /Users/danielcruz/.rbenv/versions/2.2.2/lib/ruby/gems/2.2.0/gems/actionpack-4.2.4/lib/action_dispatch/middleware/templates/rescues/_request_and_response.html.erb (1.3ms)
  Rendered /Users/danielcruz/.rbenv/versions/2.2.2/lib/ruby/gems/2.2.0/gems/actionpack-4.2.4/lib/action_dispatch/middleware/templates/rescues/routing_error.html.erb within rescues/layout (166.0ms)
  Rendered /Users/danielcruz/.rbenv/versions/2.2.2/lib/ruby/gems/2.2.0/gems/web-console-2.3.0/lib/web_console/templates/_markup.html.erb (0.4ms)
  Rendered /Users/danielcruz/.rbenv/versions/2.2.2/lib/ruby/gems/2.2.0/gems/web-console-2.3.0/lib/web_console/templates/_inner_console_markup.html.erb within layouts/inlined_string (0.5ms)
  Rendered /Users/danielcruz/.rbenv/versions/2.2.2/lib/ruby/gems/2.2.0/gems/web-console-2.3.0/lib/web_console/templates/_prompt_box_markup.html.erb within layouts/inlined_string (0.3ms)
  Rendered /Users/danielcruz/.rbenv/versions/2.2.2/lib/ruby/gems/2.2.0/gems/web-console-2.3.0/lib/web_console/templates/style.css.erb within layouts/inlined_string (0.3ms)
  Rendered /Users/danielcruz/.rbenv/versions/2.2.2/lib/ruby/gems/2.2.0/gems/web-console-2.3.0/lib/web_console/templates/console.js.erb within layouts/javascript (67.0ms)
  Rendered /Users/danielcruz/.rbenv/versions/2.2.2/lib/ruby/gems/2.2.0/gems/web-console-2.3.0/lib/web_console/templates/main.js.erb within layouts/javascript (0.3ms)
  Rendered /Users/danielcruz/.rbenv/versions/2.2.2/lib/ruby/gems/2.2.0/gems/web-console-2.3.0/lib/web_console/templates/error_page.js.erb within layouts/javascript (1.0ms)
  Rendered /Users/danielcruz/.rbenv/versions/2.2.2/lib/ruby/gems/2.2.0/gems/web-console-2.3.0/lib/web_console/templates/index.html.erb (136.4ms)
